# JRE version: OpenJDK Runtime Environment (8.0_202-b03) (build 1.8.0_202-release-1483-b03)
# Java VM: OpenJDK 64-Bit Server VM (25.202-b03 mixed mode windows-amd64 compressed oops)
Heap:
 PSYoungGen      total 86016K, used 54353K [0x00000000e0000000, 0x00000000e7a80000, 0x0000000100000000)
  eden space 77312K, 70% used [0x00000000e0000000,0x00000000e3514668,0x00000000e4b80000)
  from space 8704K, 0% used [0x00000000e4b80000,0x00000000e4b80000,0x00000000e5400000)
  to   space 8704K, 0% used [0x00000000e7200000,0x00000000e7200000,0x00000000e7a80000)
 ParOldGen       total 78336K, used 16724K [0x00000000a0000000, 0x00000000a4c80000, 0x00000000e0000000)
  object space 78336K, 21% used [0x00000000a0000000,0x00000000a1055150,0x00000000a4c80000)
 Metaspace       used 42180K, capacity 43052K, committed 43352K, reserved 1087488K
  class space    used 5706K, capacity 5968K, committed 6016K, reserved 1048576K
GC Heap History (10 events):
Event: 24.527 GC heap before
{Heap before GC invocations=9 (full 1):
 PSYoungGen      total 53248K, used 45056K [0x00000000e0000000, 0x00000000e4600000, 0x0000000100000000)
  eden space 45056K, 100% used [0x00000000e0000000,0x00000000e2c00000,0x00000000e2c00000)
  from space 8192K, 0% used [0x00000000e2c00000,0x00000000e2c00000,0x00000000e3400000)
  to   space 8192K, 0% used [0x00000000e3e00000,0x00000000e3e00000,0x00000000e4600000)
 ParOldGen       total 48640K, used 7273K [0x00000000a0000000, 0x00000000a2f80000, 0x00000000e0000000)
  object space 48640K, 14% used [0x00000000a0000000,0x00000000a071a798,0x00000000a2f80000)
 Metaspace       used 26769K, capacity 27270K, committed 27648K, reserved 1073152K
  class space    used 3645K, capacity 3808K, committed 3840K, reserved 1048576K
Event: 24.541 GC heap after
Heap after GC invocations=9 (full 1):
 PSYoungGen      total 63488K, used 5837K [0x00000000e0000000, 0x00000000e5b00000, 0x0000000100000000)
  eden space 55296K, 0% used [0x00000000e0000000,0x00000000e0000000,0x00000000e3600000)
  from space 8192K, 71% used [0x00000000e3e00000,0x00000000e43b3560,0x00000000e4600000)
  to   space 8192K, 0% used [0x00000000e3600000,0x00000000e3600000,0x00000000e3e00000)
 ParOldGen       total 48640K, used 7281K [0x00000000a0000000, 0x00000000a2f80000, 0x00000000e0000000)
  object space 48640K, 14% used [0x00000000a0000000,0x00000000a071c798,0x00000000a2f80000)
 Metaspace       used 26769K, capacity 27270K, committed 27648K, reserved 1073152K
  class space    used 3645K, capacity 3808K, committed 3840K, reserved 1048576K
}
Event: 31.342 GC heap before
{Heap before GC invocations=10 (full 1):
 PSYoungGen      total 63488K, used 61133K [0x00000000e0000000, 0x00000000e5b00000, 0x0000000100000000)
  eden space 55296K, 100% used [0x00000000e0000000,0x00000000e3600000,0x00000000e3600000)
  from space 8192K, 71% used [0x00000000e3e00000,0x00000000e43b3560,0x00000000e4600000)
  to   space 8192K, 0% used [0x00000000e3600000,0x00000000e3600000,0x00000000e3e00000)
 ParOldGen       total 48640K, used 7281K [0x00000000a0000000, 0x00000000a2f80000, 0x00000000e0000000)
  object space 48640K, 14% used [0x00000000a0000000,0x00000000a071c798,0x00000000a2f80000)
 Metaspace       used 30311K, capacity 30828K, committed 31232K, reserved 1077248K
  class space    used 4129K, capacity 4307K, committed 4352K, reserved 1048576K
Event: 31.403 GC heap after
Heap after GC invocations=10 (full 1):
 PSYoungGen      total 63488K, used 7368K [0x00000000e0000000, 0x00000000e5d80000, 0x0000000100000000)
  eden space 55296K, 0% used [0x00000000e0000000,0x00000000e0000000,0x00000000e3600000)
  from space 8192K, 89% used [0x00000000e3600000,0x00000000e3d323c8,0x00000000e3e00000)
  to   space 8704K, 0% used [0x00000000e5500000,0x00000000e5500000,0x00000000e5d80000)
 ParOldGen       total 48640K, used 7281K [0x00000000a0000000, 0x00000000a2f80000, 0x00000000e0000000)
  object space 48640K, 14% used [0x00000000a0000000,0x00000000a071c798,0x00000000a2f80000)
 Metaspace       used 30311K, capacity 30828K, committed 31232K, reserved 1077248K
  class space    used 4129K, capacity 4307K, committed 4352K, reserved 1048576K
}
Event: 35.826 GC heap before
{Heap before GC invocations=11 (full 1):
 PSYoungGen      total 63488K, used 62664K [0x00000000e0000000, 0x00000000e5d80000, 0x0000000100000000)
  eden space 55296K, 100% used [0x00000000e0000000,0x00000000e3600000,0x00000000e3600000)
  from space 8192K, 89% used [0x00000000e3600000,0x00000000e3d323c8,0x00000000e3e00000)
  to   space 8704K, 0% used [0x00000000e5500000,0x00000000e5500000,0x00000000e5d80000)
 ParOldGen       total 48640K, used 7281K [0x00000000a0000000, 0x00000000a2f80000, 0x00000000e0000000)
  object space 48640K, 14% used [0x00000000a0000000,0x00000000a071c798,0x00000000a2f80000)
 Metaspace       used 33586K, capacity 34158K, committed 34560K, reserved 1079296K
  class space    used 4620K, capacity 4812K, committed 4864K, reserved 1048576K
Event: 35.848 GC heap after
Heap after GC invocations=11 (full 1):
 PSYoungGen      total 84992K, used 6318K [0x00000000e0000000, 0x00000000e5c80000, 0x0000000100000000)
  eden space 77312K, 0% used [0x00000000e0000000,0x00000000e0000000,0x00000000e4b80000)
  from space 7680K, 82% used [0x00000000e5500000,0x00000000e5b2bbc0,0x00000000e5c80000)
  to   space 8704K, 0% used [0x00000000e4b80000,0x00000000e4b80000,0x00000000e5400000)
 ParOldGen       total 48640K, used 9877K [0x00000000a0000000, 0x00000000a2f80000, 0x00000000e0000000)
  object space 48640K, 20% used [0x00000000a0000000,0x00000000a09a57b8,0x00000000a2f80000)
 Metaspace       used 33586K, capacity 34158K, committed 34560K, reserved 1079296K
  class space    used 4620K, capacity 4812K, committed 4864K, reserved 1048576K
}
Event: 37.632 GC heap before
{Heap before GC invocations=12 (full 1):
 PSYoungGen      total 84992K, used 37887K [0x00000000e0000000, 0x00000000e5c80000, 0x0000000100000000)
  eden space 77312K, 40% used [0x00000000e0000000,0x00000000e1ed4120,0x00000000e4b80000)
  from space 7680K, 82% used [0x00000000e5500000,0x00000000e5b2bbc0,0x00000000e5c80000)
  to   space 8704K, 0% used [0x00000000e4b80000,0x00000000e4b80000,0x00000000e5400000)
 ParOldGen       total 48640K, used 9877K [0x00000000a0000000, 0x00000000a2f80000, 0x00000000e0000000)
  object space 48640K, 20% used [0x00000000a0000000,0x00000000a09a57b8,0x00000000a2f80000)
 Metaspace       used 34493K, capacity 35230K, committed 35416K, reserved 1079296K
  class space    used 4755K, capacity 4970K, committed 4992K, reserved 1048576K
Event: 37.649 GC heap after
Heap after GC invocations=12 (full 1):
 PSYoungGen      total 86016K, used 4434K [0x00000000e0000000, 0x00000000e7a80000, 0x0000000100000000)
  eden space 77312K, 0% used [0x00000000e0000000,0x00000000e0000000,0x00000000e4b80000)
  from space 8704K, 50% used [0x00000000e4b80000,0x00000000e4fd4a80,0x00000000e5400000)
  to   space 8704K, 0% used [0x00000000e7200000,0x00000000e7200000,0x00000000e7a80000)
 ParOldGen       total 48640K, used 12950K [0x00000000a0000000, 0x00000000a2f80000, 0x00000000e0000000)
  object space 48640K, 26% used [0x00000000a0000000,0x00000000a0ca5bc8,0x00000000a2f80000)
 Metaspace       used 34493K, capacity 35230K, committed 35416K, reserved 1079296K
  class space    used 4755K, capacity 4970K, committed 4992K, reserved 1048576K
}
Event: 37.649 GC heap before
{Heap before GC invocations=13 (full 2):
 PSYoungGen      total 86016K, used 4434K [0x00000000e0000000, 0x00000000e7a80000, 0x0000000100000000)
  eden space 77312K, 0% used [0x00000000e0000000,0x00000000e0000000,0x00000000e4b80000)
  from space 8704K, 50% used [0x00000000e4b80000,0x00000000e4fd4a80,0x00000000e5400000)
  to   space 8704K, 0% used [0x00000000e7200000,0x00000000e7200000,0x00000000e7a80000)
 ParOldGen       total 48640K, used 12950K [0x00000000a0000000, 0x00000000a2f80000, 0x00000000e0000000)
  object space 48640K, 26% used [0x00000000a0000000,0x00000000a0ca5bc8,0x00000000a2f80000)
 Metaspace       used 34493K, capacity 35230K, committed 35416K, reserved 1079296K
  class space    used 4755K, capacity 4970K, committed 4992K, reserved 1048576K
Event: 37.962 GC heap after
Heap after GC invocations=13 (full 2):
 PSYoungGen      total 86016K, used 0K [0x00000000e0000000, 0x00000000e7a80000, 0x0000000100000000)
  eden space 77312K, 0% used [0x00000000e0000000,0x00000000e0000000,0x00000000e4b80000)
  from space 8704K, 0% used [0x00000000e4b80000,0x00000000e4b80000,0x00000000e5400000)
  to   space 8704K, 0% used [0x00000000e7200000,0x00000000e7200000,0x00000000e7a80000)
 ParOldGen       total 78336K, used 16724K [0x00000000a0000000, 0x00000000a4c80000, 0x00000000e0000000)
  object space 78336K, 21% used [0x00000000a0000000,0x00000000a1055150,0x00000000a4c80000)
 Metaspace       used 34484K, capacity 35200K, committed 35416K, reserved 1079296K
  class space    used 4752K, capacity 4965K, committed 4992K, reserved 1048576K
}

