# JRE version: OpenJDK Runtime Environment (8.0_202-b03) (build 1.8.0_202-release-1483-b03)
# Java VM: OpenJDK 64-Bit Server VM (25.202-b03 mixed mode windows-amd64 compressed oops)
Heap:
 PSYoungGen      total 44032K, used 17975K [0x00000000e0000000, 0x00000000e3900000, 0x0000000100000000)
  eden space 37888K, 31% used [0x00000000e0000000,0x00000000e0b8eb08,0x00000000e2500000)
  from space 6144K, 99% used [0x00000000e2500000,0x00000000e2aff2f0,0x00000000e2b00000)
  to   space 7680K, 0% used [0x00000000e3180000,0x00000000e3180000,0x00000000e3900000)
 ParOldGen       total 39936K, used 22918K [0x00000000a0000000, 0x00000000a2700000, 0x00000000e0000000)
  object space 39936K, 57% used [0x00000000a0000000,0x00000000a1661860,0x00000000a2700000)
 Metaspace       used 46285K, capacity 47746K, committed 47872K, reserved 1091584K
  class space    used 6256K, capacity 6649K, committed 6656K, reserved 1048576K
GC Heap History (10 events):
Event: 52.896 GC heap before
{Heap before GC invocations=25 (full 2):
 PSYoungGen      total 30720K, used 1544K [0x00000000e0000000, 0x00000000e2a80000, 0x0000000100000000)
  eden space 26624K, 0% used [0x00000000e0000000,0x00000000e0000000,0x00000000e1a00000)
  from space 4096K, 37% used [0x00000000e1a00000,0x00000000e1b82318,0x00000000e1e00000)
  to   space 4096K, 0% used [0x00000000e2680000,0x00000000e2680000,0x00000000e2a80000)
 ParOldGen       total 26112K, used 16802K [0x00000000a0000000, 0x00000000a1980000, 0x00000000e0000000)
  object space 26112K, 64% used [0x00000000a0000000,0x00000000a1068ac0,0x00000000a1980000)
 Metaspace       used 34549K, capacity 35432K, committed 35456K, reserved 1079296K
  class space    used 4769K, capacity 4988K, committed 4992K, reserved 1048576K
Event: 53.125 GC heap after
Heap after GC invocations=25 (full 2):
 PSYoungGen      total 30720K, used 0K [0x00000000e0000000, 0x00000000e2a80000, 0x0000000100000000)
  eden space 26624K, 0% used [0x00000000e0000000,0x00000000e0000000,0x00000000e1a00000)
  from space 4096K, 0% used [0x00000000e1a00000,0x00000000e1a00000,0x00000000e1e00000)
  to   space 4096K, 0% used [0x00000000e2680000,0x00000000e2680000,0x00000000e2a80000)
 ParOldGen       total 39936K, used 16703K [0x00000000a0000000, 0x00000000a2700000, 0x00000000e0000000)
  object space 39936K, 41% used [0x00000000a0000000,0x00000000a104fcb8,0x00000000a2700000)
 Metaspace       used 34549K, capacity 35432K, committed 35456K, reserved 1079296K
  class space    used 4769K, capacity 4988K, committed 4992K, reserved 1048576K
}
Event: 65.588 GC heap before
{Heap before GC invocations=26 (full 2):
 PSYoungGen      total 30720K, used 26624K [0x00000000e0000000, 0x00000000e2a80000, 0x0000000100000000)
  eden space 26624K, 100% used [0x00000000e0000000,0x00000000e1a00000,0x00000000e1a00000)
  from space 4096K, 0% used [0x00000000e1a00000,0x00000000e1a00000,0x00000000e1e00000)
  to   space 4096K, 0% used [0x00000000e2680000,0x00000000e2680000,0x00000000e2a80000)
 ParOldGen       total 39936K, used 16703K [0x00000000a0000000, 0x00000000a2700000, 0x00000000e0000000)
  object space 39936K, 41% used [0x00000000a0000000,0x00000000a104fcb8,0x00000000a2700000)
 Metaspace       used 35551K, capacity 36744K, committed 36992K, reserved 1081344K
  class space    used 4892K, capacity 5182K, committed 5248K, reserved 1048576K
Event: 65.596 GC heap after
Heap after GC invocations=26 (full 2):
 PSYoungGen      total 36352K, used 3164K [0x00000000e0000000, 0x00000000e2a00000, 0x0000000100000000)
  eden space 32768K, 0% used [0x00000000e0000000,0x00000000e0000000,0x00000000e2000000)
  from space 3584K, 88% used [0x00000000e2680000,0x00000000e29973e0,0x00000000e2a00000)
  to   space 4096K, 0% used [0x00000000e2200000,0x00000000e2200000,0x00000000e2600000)
 ParOldGen       total 39936K, used 16711K [0x00000000a0000000, 0x00000000a2700000, 0x00000000e0000000)
  object space 39936K, 41% used [0x00000000a0000000,0x00000000a1051cb8,0x00000000a2700000)
 Metaspace       used 35551K, capacity 36744K, committed 36992K, reserved 1081344K
  class space    used 4892K, capacity 5182K, committed 5248K, reserved 1048576K
}
Event: 73.482 GC heap before
{Heap before GC invocations=27 (full 2):
 PSYoungGen      total 36352K, used 35932K [0x00000000e0000000, 0x00000000e2a00000, 0x0000000100000000)
  eden space 32768K, 100% used [0x00000000e0000000,0x00000000e2000000,0x00000000e2000000)
  from space 3584K, 88% used [0x00000000e2680000,0x00000000e29973e0,0x00000000e2a00000)
  to   space 4096K, 0% used [0x00000000e2200000,0x00000000e2200000,0x00000000e2600000)
 ParOldGen       total 39936K, used 16711K [0x00000000a0000000, 0x00000000a2700000, 0x00000000e0000000)
  object space 39936K, 41% used [0x00000000a0000000,0x00000000a1051cb8,0x00000000a2700000)
 Metaspace       used 40826K, capacity 42054K, committed 42240K, reserved 1085440K
  class space    used 5533K, capacity 5842K, committed 5888K, reserved 1048576K
Event: 73.506 GC heap after
Heap after GC invocations=27 (full 2):
 PSYoungGen      total 38912K, used 4066K [0x00000000e0000000, 0x00000000e3100000, 0x0000000100000000)
  eden space 34816K, 0% used [0x00000000e0000000,0x00000000e0000000,0x00000000e2200000)
  from space 4096K, 99% used [0x00000000e2200000,0x00000000e25f8b28,0x00000000e2600000)
  to   space 6144K, 0% used [0x00000000e2b00000,0x00000000e2b00000,0x00000000e3100000)
 ParOldGen       total 39936K, used 19977K [0x00000000a0000000, 0x00000000a2700000, 0x00000000e0000000)
  object space 39936K, 50% used [0x00000000a0000000,0x00000000a13825c0,0x00000000a2700000)
 Metaspace       used 40826K, capacity 42054K, committed 42240K, reserved 1085440K
  class space    used 5533K, capacity 5842K, committed 5888K, reserved 1048576K
}
Event: 81.420 GC heap before
{Heap before GC invocations=28 (full 2):
 PSYoungGen      total 38912K, used 38882K [0x00000000e0000000, 0x00000000e3100000, 0x0000000100000000)
  eden space 34816K, 100% used [0x00000000e0000000,0x00000000e2200000,0x00000000e2200000)
  from space 4096K, 99% used [0x00000000e2200000,0x00000000e25f8b28,0x00000000e2600000)
  to   space 6144K, 0% used [0x00000000e2b00000,0x00000000e2b00000,0x00000000e3100000)
 ParOldGen       total 39936K, used 19977K [0x00000000a0000000, 0x00000000a2700000, 0x00000000e0000000)
  object space 39936K, 50% used [0x00000000a0000000,0x00000000a13825c0,0x00000000a2700000)
 Metaspace       used 43440K, capacity 44684K, committed 44928K, reserved 1087488K
  class space    used 5895K, capacity 6195K, committed 6272K, reserved 1048576K
Event: 81.440 GC heap after
Heap after GC invocations=28 (full 2):
 PSYoungGen      total 44032K, used 4518K [0x00000000e0000000, 0x00000000e3300000, 0x0000000100000000)
  eden space 37888K, 0% used [0x00000000e0000000,0x00000000e0000000,0x00000000e2500000)
  from space 6144K, 73% used [0x00000000e2b00000,0x00000000e2f69ba0,0x00000000e3100000)
  to   space 6144K, 0% used [0x00000000e2500000,0x00000000e2500000,0x00000000e2b00000)
 ParOldGen       total 39936K, used 21213K [0x00000000a0000000, 0x00000000a2700000, 0x00000000e0000000)
  object space 39936K, 53% used [0x00000000a0000000,0x00000000a14b7600,0x00000000a2700000)
 Metaspace       used 43440K, capacity 44684K, committed 44928K, reserved 1087488K
  class space    used 5895K, capacity 6195K, committed 6272K, reserved 1048576K
}
Event: 85.554 GC heap before
{Heap before GC invocations=29 (full 2):
 PSYoungGen      total 44032K, used 42406K [0x00000000e0000000, 0x00000000e3300000, 0x0000000100000000)
  eden space 37888K, 100% used [0x00000000e0000000,0x00000000e2500000,0x00000000e2500000)
  from space 6144K, 73% used [0x00000000e2b00000,0x00000000e2f69ba0,0x00000000e3100000)
  to   space 6144K, 0% used [0x00000000e2500000,0x00000000e2500000,0x00000000e2b00000)
 ParOldGen       total 39936K, used 21213K [0x00000000a0000000, 0x00000000a2700000, 0x00000000e0000000)
  object space 39936K, 53% used [0x00000000a0000000,0x00000000a14b7600,0x00000000a2700000)
 Metaspace       used 46122K, capacity 47476K, committed 47616K, reserved 1089536K
  class space    used 6229K, capacity 6581K, committed 6656K, reserved 1048576K
Event: 85.580 GC heap after
Heap after GC invocations=29 (full 2):
 PSYoungGen      total 44032K, used 6140K [0x00000000e0000000, 0x00000000e3900000, 0x0000000100000000)
  eden space 37888K, 0% used [0x00000000e0000000,0x00000000e0000000,0x00000000e2500000)
  from space 6144K, 99% used [0x00000000e2500000,0x00000000e2aff2f0,0x00000000e2b00000)
  to   space 7680K, 0% used [0x00000000e3180000,0x00000000e3180000,0x00000000e3900000)
 ParOldGen       total 39936K, used 22918K [0x00000000a0000000, 0x00000000a2700000, 0x00000000e0000000)
  object space 39936K, 57% used [0x00000000a0000000,0x00000000a1661860,0x00000000a2700000)
 Metaspace       used 46122K, capacity 47476K, committed 47616K, reserved 1089536K
  class space    used 6229K, capacity 6581K, committed 6656K, reserved 1048576K
}

